2024-05-05 02:30:29,809 - root - INFO - Epoch 0; loss: 276.49005126953125; CER: 0.9826242327690125; WER: 1.001102089881897; val_loss: 174.9711456298828; val_CER: 0.7435445785522461; val_WER: 0.971828281879425
2024-05-05 03:22:52,459 - root - INFO - Epoch 1; loss: 104.71057891845703; CER: 0.3498493432998657; WER: 0.7984752655029297; val_loss: 55.81151580810547; val_CER: 0.17852406203746796; val_WER: 0.5948144197463989
2024-05-05 04:15:15,849 - root - INFO - Epoch 2; loss: 57.5997314453125; CER: 0.18514113128185272; WER: 0.6023656725883484; val_loss: 40.19506072998047; val_CER: 0.12779724597930908; val_WER: 0.46482881903648376
2024-05-05 05:07:32,674 - root - INFO - Epoch 3; loss: 42.8430061340332; CER: 0.13774922490119934; WER: 0.49398910999298096; val_loss: 30.9957218170166; val_CER: 0.09931622445583344; val_WER: 0.3723525106906891
2024-05-05 05:59:45,135 - root - INFO - Epoch 4; loss: 34.716487884521484; CER: 0.11232958734035492; WER: 0.42530593276023865; val_loss: 26.18549346923828; val_CER: 0.08277346938848495; val_WER: 0.3192124366760254
2024-05-05 06:52:05,403 - root - INFO - Epoch 5; loss: 29.292827606201172; CER: 0.09397697448730469; WER: 0.3688238263130188; val_loss: 24.128292083740234; val_CER: 0.0729917362332344; val_WER: 0.2771059572696686
2024-05-05 07:44:22,759 - root - INFO - Epoch 6; loss: 25.738862991333008; CER: 0.08216037601232529; WER: 0.32947880029678345; val_loss: 22.54632568359375; val_CER: 0.06742148101329803; val_WER: 0.258463591337204
2024-05-05 08:36:42,106 - root - INFO - Epoch 7; loss: 22.97333526611328; CER: 0.07288877665996552; WER: 0.29779914021492004; val_loss: 19.502126693725586; val_CER: 0.059036366641521454; val_WER: 0.22934390604496002
2024-05-05 09:16:57,565 - root - INFO - Epoch 8; loss: 20.561996459960938; CER: 0.06541884690523148; WER: 0.27287766337394714; val_loss: 19.612491607666016; val_CER: 0.05607537180185318; val_WER: 0.215744748711586
2024-05-05 09:38:56,555 - root - INFO - Epoch 9; loss: 18.781009674072266; CER: 0.05968395248055458; WER: 0.25283801555633545; val_loss: 18.057777404785156; val_CER: 0.05134829506278038; val_WER: 0.2032880187034607
2024-05-05 10:21:51,429 - root - INFO - Epoch 10; loss: 17.343652725219727; CER: 0.05534921959042549; WER: 0.237346351146698; val_loss: 17.930004119873047; val_CER: 0.051282964646816254; val_WER: 0.20234809815883636
2024-05-05 10:56:29,482 - root - INFO - Epoch 11; loss: 16.18436050415039; CER: 0.05138466879725456; WER: 0.2230650782585144; val_loss: 16.486974716186523; val_CER: 0.04707181826233864; val_WER: 0.1823364794254303
2024-05-05 11:21:10,623 - root - INFO - Epoch 12; loss: 15.017780303955078; CER: 0.04787881672382355; WER: 0.20966951549053192; val_loss: 16.39728355407715; val_CER: 0.04510710760951042; val_WER: 0.17833475768566132
2024-05-05 11:42:09,377 - root - INFO - Epoch 13; loss: 14.239485740661621; CER: 0.0453481487929821; WER: 0.19937041401863098; val_loss: 15.538944244384766; val_CER: 0.04350128397345543; val_WER: 0.16994793713092804
2024-05-05 12:02:51,554 - root - INFO - Epoch 14; loss: 13.429436683654785; CER: 0.04288521409034729; WER: 0.18992844223976135; val_loss: 15.009727478027344; val_CER: 0.04156848415732384; val_WER: 0.1632615327835083
2024-05-05 12:24:46,610 - root - INFO - Epoch 15; loss: 12.808409690856934; CER: 0.040921855717897415; WER: 0.18178343772888184; val_loss: 15.040465354919434; val_CER: 0.04058906063437462; val_WER: 0.1600351631641388
2024-05-05 12:45:44,906 - root - INFO - Epoch 16; loss: 12.107157707214355; CER: 0.0389031283557415; WER: 0.1751144379377365; val_loss: 14.905512809753418; val_CER: 0.039241913706064224; val_WER: 0.1539376974105835
2024-05-05 13:05:45,251 - root - INFO - Epoch 17; loss: 11.628790855407715; CER: 0.03730978071689606; WER: 0.16795815527439117; val_loss: 14.718839645385742; val_CER: 0.039069779217243195; val_WER: 0.15207798779010773
2024-05-05 13:26:06,577 - root - INFO - Epoch 18; loss: 11.155057907104492; CER: 0.03579695522785187; WER: 0.1621706634759903; val_loss: 15.035555839538574; val_CER: 0.038750097155570984; val_WER: 0.15121254324913025
2024-05-05 13:46:31,150 - root - INFO - Epoch 19; loss: 10.611424446105957; CER: 0.03423221781849861; WER: 0.15566252171993256; val_loss: 14.25454044342041; val_CER: 0.03700237721204758; val_WER: 0.1450977921485901
2024-05-05 13:46:34,127 - tf2onnx.tfonnx - INFO - Using tensorflow=2.10.1, onnx=1.12.0, tf2onnx=1.14.0/8f8d49
2024-05-05 13:46:34,127 - tf2onnx.tfonnx - INFO - Using opset <onnx, 15>
2024-05-05 13:46:34,336 - tf2onnx.tf_utils - INFO - Computed 0 values for constant folding
2024-05-05 13:46:34,338 - tf2onnx.tf_utils - INFO - Computed 0 values for constant folding
2024-05-05 13:46:34,342 - tf2onnx.tf_utils - INFO - Computed 0 values for constant folding
2024-05-05 13:46:34,347 - tf2onnx.tf_utils - INFO - Computed 0 values for constant folding
2024-05-05 13:46:34,352 - tf2onnx.tf_utils - INFO - Computed 0 values for constant folding
2024-05-05 13:46:34,356 - tf2onnx.tf_utils - INFO - Computed 0 values for constant folding
2024-05-05 13:46:34,357 - tf2onnx.tf_utils - INFO - Computed 0 values for constant folding
2024-05-05 13:46:34,362 - tf2onnx.tf_utils - INFO - Computed 0 values for constant folding
2024-05-05 13:46:34,363 - tf2onnx.tf_utils - INFO - Computed 0 values for constant folding
2024-05-05 13:46:34,365 - tf2onnx.tf_utils - INFO - Computed 0 values for constant folding
2024-05-05 13:46:34,370 - tf2onnx.tf_utils - INFO - Computed 0 values for constant folding
2024-05-05 13:46:34,375 - tf2onnx.tf_utils - INFO - Computed 0 values for constant folding
2024-05-05 13:46:34,377 - tf2onnx.tf_utils - INFO - Computed 0 values for constant folding
2024-05-05 13:46:34,382 - tf2onnx.tf_utils - INFO - Computed 0 values for constant folding
2024-05-05 13:46:34,383 - tf2onnx.tf_utils - INFO - Computed 0 values for constant folding
2024-05-05 13:46:34,385 - tf2onnx.tf_utils - INFO - Computed 0 values for constant folding
2024-05-05 13:46:34,390 - tf2onnx.tf_utils - INFO - Computed 0 values for constant folding
2024-05-05 13:46:34,395 - tf2onnx.tf_utils - INFO - Computed 0 values for constant folding
2024-05-05 13:46:34,396 - tf2onnx.tf_utils - INFO - Computed 0 values for constant folding
2024-05-05 13:46:34,398 - tf2onnx.tf_utils - INFO - Computed 0 values for constant folding
2024-05-05 13:46:34,432 - tf2onnx.tf_utils - INFO - Computed 0 values for constant folding
2024-05-05 13:46:35,199 - tf2onnx.optimizer - INFO - Optimizing ONNX model
2024-05-05 13:46:36,003 - tf2onnx.optimizer - INFO - After optimization: BatchNormalization -2 (2->0), Cast -22 (39->17), Concat -21 (40->19), Const -254 (293->39), Expand -15 (20->5), Gather +5 (4->9), Identity -2 (2->0), ReduceProd -2 (4->2), Shape -5 (13->8), Slice -5 (21->16), Squeeze -11 (21->10), Transpose -20 (23->3), Unsqueeze -60 (68->8)
