2024-05-07 10:53:54,133 - root - INFO - Epoch 0; loss: 264.9447021484375; CER: 0.9399282336235046; WER: 0.9984464049339294; val_loss: 139.24435424804688; val_CER: 0.47616007924079895; val_WER: 0.950011134147644
2024-05-07 11:15:52,384 - root - INFO - Epoch 1; loss: 96.1476058959961; CER: 0.31163686513900757; WER: 0.7817495465278625; val_loss: 55.49177932739258; val_CER: 0.17303737998008728; val_WER: 0.5843213200569153
2024-05-07 11:38:56,661 - root - INFO - Epoch 2; loss: 56.64080047607422; CER: 0.1802607923746109; WER: 0.5936171412467957; val_loss: 39.49974822998047; val_CER: 0.1228380799293518; val_WER: 0.44774773716926575
2024-05-07 12:02:01,070 - root - INFO - Epoch 3; loss: 42.63331604003906; CER: 0.13737154006958008; WER: 0.494150310754776; val_loss: 32.29526901245117; val_CER: 0.100143663585186; val_WER: 0.37506306171417236
2024-05-07 12:24:41,166 - root - INFO - Epoch 4; loss: 34.671051025390625; CER: 0.1119925007224083; WER: 0.4263889193534851; val_loss: 27.468734741210938; val_CER: 0.08383865654468536; val_WER: 0.32135993242263794
2024-05-07 12:51:03,124 - root - INFO - Epoch 5; loss: 29.46896743774414; CER: 0.09514939785003662; WER: 0.37325748801231384; val_loss: 24.020917892456055; val_CER: 0.07171449065208435; val_WER: 0.2773852050304413
2024-05-07 13:12:57,631 - root - INFO - Epoch 6; loss: 25.864675521850586; CER: 0.08330748230218887; WER: 0.33446404337882996; val_loss: 22.748355865478516; val_CER: 0.0633346289396286; val_WER: 0.24438300728797913
2024-05-07 13:35:15,445 - root - INFO - Epoch 7; loss: 22.83572006225586; CER: 0.07315745204687119; WER: 0.2995581328868866; val_loss: 20.753902435302734; val_CER: 0.05906468257308006; val_WER: 0.2277558147907257
2024-05-07 13:57:47,864 - root - INFO - Epoch 8; loss: 20.65073585510254; CER: 0.06613970547914505; WER: 0.274822473526001; val_loss: 19.61842155456543; val_CER: 0.05277084559202194; val_WER: 0.2056572437286377
2024-05-07 14:20:25,829 - root - INFO - Epoch 9; loss: 18.869455337524414; CER: 0.06078775227069855; WER: 0.2560786306858063; val_loss: 18.86284828186035; val_CER: 0.05151209980249405; val_WER: 0.20199242234230042
2024-05-07 14:43:19,831 - root - INFO - Epoch 10; loss: 17.42818260192871; CER: 0.056127212941646576; WER: 0.23957709968090057; val_loss: 17.73256492614746; val_CER: 0.04733540117740631; val_WER: 0.18679313361644745
2024-05-07 15:05:33,534 - root - INFO - Epoch 11; loss: 16.33493995666504; CER: 0.0520130917429924; WER: 0.22440297901630402; val_loss: 16.91145133972168; val_CER: 0.04415004700422287; val_WER: 0.17101074755191803
2024-05-07 15:42:53,362 - root - INFO - Epoch 12; loss: 15.12698745727539; CER: 0.04858481511473656; WER: 0.21186859905719757; val_loss: 16.535736083984375; val_CER: 0.0433947816491127; val_WER: 0.16651809215545654
2024-05-07 16:09:18,971 - root - INFO - Epoch 13; loss: 14.222821235656738; CER: 0.045924440026283264; WER: 0.20186679065227509; val_loss: 16.242156982421875; val_CER: 0.041713278740644455; val_WER: 0.16113926470279694
2024-05-07 16:35:04,915 - root - INFO - Epoch 14; loss: 13.438580513000488; CER: 0.04352777078747749; WER: 0.1917487531900406; val_loss: 16.461400985717773; val_CER: 0.040875185281038284; val_WER: 0.15502285957336426
2024-05-07 16:56:52,618 - root - INFO - Epoch 15; loss: 12.830989837646484; CER: 0.04178440570831299; WER: 0.18481352925300598; val_loss: 15.585614204406738; val_CER: 0.038548678159713745; val_WER: 0.1494443416595459
2024-05-07 17:29:04,542 - root - INFO - Epoch 16; loss: 12.143773078918457; CER: 0.03945475444197655; WER: 0.17574556171894073; val_loss: 15.325945854187012; val_CER: 0.036790765821933746; val_WER: 0.14501701295375824
2024-05-07 18:45:22,495 - root - INFO - Epoch 17; loss: 11.506549835205078; CER: 0.037202369421720505; WER: 0.16804644465446472; val_loss: 16.568130493164062; val_CER: 0.03917745500802994; val_WER: 0.14835502207279205
2024-05-07 19:41:18,840 - root - INFO - Epoch 18; loss: 11.229096412658691; CER: 0.03642285242676735; WER: 0.16558992862701416; val_loss: 14.70177936553955; val_CER: 0.03605710715055466; val_WER: 0.13905274868011475
2024-05-07 20:19:55,861 - root - INFO - Epoch 19; loss: 10.871554374694824; CER: 0.03509286046028137; WER: 0.16072027385234833; val_loss: 15.18263053894043; val_CER: 0.03653730824589729; val_WER: 0.1396254450082779
2024-05-07 20:58:38,847 - root - INFO - Epoch 20; loss: 10.336212158203125; CER: 0.033516377210617065; WER: 0.15397688746452332; val_loss: 15.671195030212402; val_CER: 0.03548542782664299; val_WER: 0.13798967003822327
2024-05-07 21:49:37,820 - root - INFO - Epoch 21; loss: 9.99639892578125; CER: 0.03259444981813431; WER: 0.15045785903930664; val_loss: 15.408222198486328; val_CER: 0.034540805965662; val_WER: 0.13179367780685425
2024-05-07 22:52:29,772 - root - INFO - Epoch 22; loss: 9.723601341247559; CER: 0.03177117556333542; WER: 0.1470794677734375; val_loss: 15.68747615814209; val_CER: 0.03508884459733963; val_WER: 0.13590514659881592
2024-05-08 00:04:52,454 - root - INFO - Epoch 23; loss: 9.276001930236816; CER: 0.030363768339157104; WER: 0.14162443578243256; val_loss: 14.984699249267578; val_CER: 0.033321529626846313; val_WER: 0.1307893544435501
2024-05-08 00:35:29,474 - root - INFO - Epoch 24; loss: 9.057670593261719; CER: 0.029275180771946907; WER: 0.1361052244901657; val_loss: 15.241973876953125; val_CER: 0.032941438257694244; val_WER: 0.12781699001789093
2024-05-08 01:27:51,167 - root - INFO - Epoch 25; loss: 10.099775314331055; CER: 0.03244094178080559; WER: 0.14540444314479828; val_loss: 15.081382751464844; val_CER: 0.033431392163038254; val_WER: 0.1263055056333542
2024-05-08 02:20:09,417 - root - INFO - Epoch 26; loss: 8.529154777526855; CER: 0.027863971889019012; WER: 0.13053855299949646; val_loss: 14.24611759185791; val_CER: 0.031971901655197144; val_WER: 0.12199104577302933
2024-05-08 03:12:35,359 - root - INFO - Epoch 27; loss: 8.018376350402832; CER: 0.02648080326616764; WER: 0.12518537044525146; val_loss: 15.390116691589355; val_CER: 0.03270050883293152; val_WER: 0.12625303864479065
2024-05-08 03:56:19,540 - root - INFO - Epoch 28; loss: 8.202593803405762; CER: 0.026886554434895515; WER: 0.12692409753799438; val_loss: 14.65789794921875; val_CER: 0.03197756037116051; val_WER: 0.12318497896194458
2024-05-08 04:45:20,327 - root - INFO - Epoch 29; loss: 7.9556779861450195; CER: 0.026068024337291718; WER: 0.12313809245824814; val_loss: 15.746723175048828; val_CER: 0.03352787718176842; val_WER: 0.12393967062234879
2024-05-08 05:39:45,878 - root - INFO - Epoch 30; loss: 7.844216346740723; CER: 0.025584539398550987; WER: 0.12188294529914856; val_loss: 14.960042953491211; val_CER: 0.03169771656394005; val_WER: 0.12087128311395645
2024-05-08 06:34:11,443 - root - INFO - Epoch 31; loss: 7.607909679412842; CER: 0.024717502295970917; WER: 0.1183561384677887; val_loss: 14.951041221618652; val_CER: 0.031468767672777176; val_WER: 0.11998329311609268
2024-05-08 07:27:40,019 - root - INFO - Epoch 32; loss: 7.3644890785217285; CER: 0.02392713725566864; WER: 0.1142253503203392; val_loss: 15.05720043182373; val_CER: 0.031575798988342285; val_WER: 0.1200944185256958
2024-05-08 08:22:04,711 - root - INFO - Epoch 33; loss: 7.346445560455322; CER: 0.024033738300204277; WER: 0.11437448114156723; val_loss: 15.009916305541992; val_CER: 0.030270379036664963; val_WER: 0.11752580106258392
2024-05-08 08:57:21,249 - root - INFO - Epoch 34; loss: 7.110743999481201; CER: 0.023224078118801117; WER: 0.1120978444814682; val_loss: 13.984247207641602; val_CER: 0.029661739245057106; val_WER: 0.11254116892814636
2024-05-08 09:49:27,844 - root - INFO - Epoch 35; loss: 7.0244669914245605; CER: 0.022898368537425995; WER: 0.11171890795230865; val_loss: 14.960040092468262; val_CER: 0.030829446390271187; val_WER: 0.1147514060139656
2024-05-08 10:28:31,414 - root - INFO - Epoch 36; loss: 6.933894634246826; CER: 0.02278151549398899; WER: 0.10960458964109421; val_loss: 14.923113822937012; val_CER: 0.029716894030570984; val_WER: 0.11343108862638474
2024-05-08 11:20:50,968 - root - INFO - Epoch 37; loss: 6.6619486808776855; CER: 0.021811680868268013; WER: 0.10633601993322372; val_loss: 14.34402847290039; val_CER: 0.029305383563041687; val_WER: 0.1122109442949295
2024-05-08 12:29:58,329 - root - INFO - Epoch 38; loss: 6.624467849731445; CER: 0.021892469376325607; WER: 0.10536589473485947; val_loss: 15.992688179016113; val_CER: 0.03112323395907879; val_WER: 0.11746156960725784
2024-05-08 14:05:48,347 - root - INFO - Epoch 39; loss: 6.515017509460449; CER: 0.02143123932182789; WER: 0.10486389696598053; val_loss: 14.236555099487305; val_CER: 0.029068564996123314; val_WER: 0.11332245171070099
2024-05-08 15:08:05,824 - root - INFO - Epoch 40; loss: 6.466104030609131; CER: 0.02124488539993763; WER: 0.10355855524539948; val_loss: 14.209239959716797; val_CER: 0.028651539236307144; val_WER: 0.11069031804800034
2024-05-08 15:42:50,905 - root - INFO - Epoch 41; loss: 6.1274495124816895; CER: 0.020200401544570923; WER: 0.09935002028942108; val_loss: 14.6504487991333; val_CER: 0.029435738921165466; val_WER: 0.11017445474863052
2024-05-08 19:13:44,844 - root - INFO - Epoch 42; loss: 6.140295505523682; CER: 0.0200812891125679; WER: 0.0981983095407486; val_loss: 14.98639965057373; val_CER: 0.029335958883166313; val_WER: 0.10984348505735397
2024-05-08 20:42:08,972 - root - INFO - Epoch 43; loss: 5.967983245849609; CER: 0.019728481769561768; WER: 0.09651798754930496; val_loss: 14.642379760742188; val_CER: 0.028439069166779518; val_WER: 0.10879993438720703
2024-05-08 21:23:53,656 - root - INFO - Epoch 44; loss: 5.988217830657959; CER: 0.019595513120293617; WER: 0.09610754996538162; val_loss: 14.566943168640137; val_CER: 0.02920985408127308; val_WER: 0.11026398837566376
2024-05-08 22:39:23,905 - root - INFO - Epoch 45; loss: 6.065317153930664; CER: 0.01978289894759655; WER: 0.09774268418550491; val_loss: 15.352046966552734; val_CER: 0.02953152358531952; val_WER: 0.11043429374694824
2024-05-08 23:19:53,895 - root - INFO - Epoch 46; loss: 5.750218391418457; CER: 0.018567604944109917; WER: 0.09251727163791656; val_loss: 14.120567321777344; val_CER: 0.028351720422506332; val_WER: 0.11188788712024689
2024-05-09 00:28:50,519 - root - INFO - Epoch 47; loss: 5.673421382904053; CER: 0.018647145479917526; WER: 0.09249404072761536; val_loss: 14.868659019470215; val_CER: 0.0287643950432539; val_WER: 0.10832894593477249
2024-05-09 02:00:32,375 - root - INFO - Epoch 48; loss: 5.536684513092041; CER: 0.01822730340063572; WER: 0.09030431509017944; val_loss: 14.745574951171875; val_CER: 0.027396244928240776; val_WER: 0.1017964780330658
2024-05-09 02:39:52,284 - root - INFO - Epoch 49; loss: 5.541084289550781; CER: 0.018420828506350517; WER: 0.08980763703584671; val_loss: 14.380260467529297; val_CER: 0.027926072478294373; val_WER: 0.10509750247001648
2024-05-09 03:32:40,500 - root - INFO - Epoch 50; loss: 5.466482639312744; CER: 0.018129916861653328; WER: 0.09037786722183228; val_loss: 14.205354690551758; val_CER: 0.028355637565255165; val_WER: 0.10981282591819763
2024-05-09 04:25:27,980 - root - INFO - Epoch 51; loss: 5.312520980834961; CER: 0.017567822709679604; WER: 0.08729211241006851; val_loss: 14.56728744506836; val_CER: 0.027768954634666443; val_WER: 0.10449478775262833
2024-05-09 05:18:16,393 - root - INFO - Epoch 52; loss: 5.271677017211914; CER: 0.017293419688940048; WER: 0.08677137643098831; val_loss: 14.083108901977539; val_CER: 0.026680242270231247; val_WER: 0.10324611514806747
2024-05-09 06:11:03,367 - root - INFO - Epoch 53; loss: 5.2042741775512695; CER: 0.017187174409627914; WER: 0.08541015535593033; val_loss: 14.028512001037598; val_CER: 0.02666899561882019; val_WER: 0.10161823034286499
2024-05-09 07:03:51,780 - root - INFO - Epoch 54; loss: 5.105081558227539; CER: 0.016891460865736008; WER: 0.084336057305336; val_loss: 14.935434341430664; val_CER: 0.0283967312425375; val_WER: 0.10727424174547195
2024-05-09 07:56:40,564 - root - INFO - Epoch 55; loss: 4.96327543258667; CER: 0.01639246754348278; WER: 0.08258508145809174; val_loss: 14.315574645996094; val_CER: 0.027186421677470207; val_WER: 0.10425752401351929
2024-05-09 08:49:28,425 - root - INFO - Epoch 56; loss: 4.975338935852051; CER: 0.01630278304219246; WER: 0.08227823674678802; val_loss: 14.268928527832031; val_CER: 0.026554450392723083; val_WER: 0.10122310370206833
2024-05-09 09:25:16,727 - root - INFO - Epoch 57; loss: 5.034350395202637; CER: 0.0164993517100811; WER: 0.08293508738279343; val_loss: 15.057676315307617; val_CER: 0.027899514883756638; val_WER: 0.10585812479257584
2024-05-09 10:00:27,592 - root - INFO - Epoch 58; loss: 4.910311222076416; CER: 0.01598687469959259; WER: 0.08052000403404236; val_loss: 15.03677749633789; val_CER: 0.02749647945165634; val_WER: 0.10253889858722687
2024-05-09 10:51:06,995 - root - INFO - Epoch 59; loss: 4.855566024780273; CER: 0.015787675976753235; WER: 0.07929591834545135; val_loss: 14.29498291015625; val_CER: 0.0263493824750185; val_WER: 0.09860371053218842
2024-05-09 11:51:24,847 - root - INFO - Epoch 60; loss: 4.836679935455322; CER: 0.01594371907413006; WER: 0.08042851835489273; val_loss: 14.83645248413086; val_CER: 0.0265068206936121; val_WER: 0.09905199706554413
2024-05-09 12:55:23,618 - root - INFO - Epoch 61; loss: 4.701095104217529; CER: 0.015426075085997581; WER: 0.0784495621919632; val_loss: 14.823859214782715; val_CER: 0.02737886644899845; val_WER: 0.10253427177667618
2024-05-09 13:18:43,115 - root - INFO - Epoch 62; loss: 4.549718856811523; CER: 0.015120081603527069; WER: 0.07647991925477982; val_loss: 15.050152778625488; val_CER: 0.026959193870425224; val_WER: 0.10018856823444366
2024-05-09 13:45:11,159 - root - INFO - Epoch 63; loss: 4.549099922180176; CER: 0.015090251341462135; WER: 0.07679393142461777; val_loss: 14.837873458862305; val_CER: 0.02740180306136608; val_WER: 0.10426228493452072
2024-05-09 14:21:12,125 - root - INFO - Epoch 64; loss: 4.638638019561768; CER: 0.015454943291842937; WER: 0.07821435481309891; val_loss: 14.932829856872559; val_CER: 0.026818668469786644; val_WER: 0.0998738706111908
2024-05-09 15:22:59,833 - root - INFO - Epoch 65; loss: 3.9572079181671143; CER: 0.013270591385662556; WER: 0.06796754896640778; val_loss: 14.616006851196289; val_CER: 0.0256696455180645; val_WER: 0.09677954018115997
2024-05-09 16:01:31,645 - root - INFO - Epoch 66; loss: 3.7648561000823975; CER: 0.012454898096621037; WER: 0.06463252007961273; val_loss: 15.048689842224121; val_CER: 0.02574281580746174; val_WER: 0.09505530446767807
2024-05-09 16:44:24,981 - root - INFO - Epoch 67; loss: 3.748337507247925; CER: 0.01241982914507389; WER: 0.06493252515792847; val_loss: 14.593697547912598; val_CER: 0.02533278428018093; val_WER: 0.0935535877943039
2024-05-09 17:10:48,334 - root - INFO - Epoch 68; loss: 3.6977574825286865; CER: 0.012385581620037556; WER: 0.064388208091259; val_loss: 14.75527572631836; val_CER: 0.025368165224790573; val_WER: 0.09445367753505707
2024-05-09 17:38:30,522 - root - INFO - Epoch 69; loss: 3.662142276763916; CER: 0.01214909553527832; WER: 0.06317203491926193; val_loss: 14.022234916687012; val_CER: 0.024369554594159126; val_WER: 0.0939059630036354
2024-05-09 18:21:15,314 - root - INFO - Epoch 70; loss: 3.485572099685669; CER: 0.011716531589627266; WER: 0.061199720948934555; val_loss: 14.0830078125; val_CER: 0.02427184395492077; val_WER: 0.09394001215696335
2024-05-09 19:03:58,734 - root - INFO - Epoch 71; loss: 3.4970507621765137; CER: 0.011738674715161324; WER: 0.06146441027522087; val_loss: 15.378728866577148; val_CER: 0.026096323505043983; val_WER: 0.09594269841909409
2024-05-09 19:37:15,411 - root - INFO - Epoch 72; loss: 3.4091382026672363; CER: 0.011415527202188969; WER: 0.05972488969564438; val_loss: 15.001463890075684; val_CER: 0.02587159350514412; val_WER: 0.09551185369491577
2024-05-09 20:18:11,280 - root - INFO - Epoch 73; loss: 3.398664712905884; CER: 0.011295375414192677; WER: 0.05915215238928795; val_loss: 14.728320121765137; val_CER: 0.02457324042916298; val_WER: 0.09305223822593689
2024-05-09 20:41:12,714 - root - INFO - Epoch 74; loss: 3.233675003051758; CER: 0.010785787366330624; WER: 0.05704153701663017; val_loss: 14.717179298400879; val_CER: 0.024059005081653595; val_WER: 0.09027869999408722
2024-05-09 21:14:54,103 - root - INFO - Epoch 75; loss: 3.401735782623291; CER: 0.01128847524523735; WER: 0.05946476757526398; val_loss: 15.160534858703613; val_CER: 0.02535390481352806; val_WER: 0.09444648772478104
2024-05-09 21:42:01,093 - root - INFO - Epoch 76; loss: 3.3379721641540527; CER: 0.011009842157363892; WER: 0.058599233627319336; val_loss: 14.356534004211426; val_CER: 0.02419956400990486; val_WER: 0.09333078563213348
2024-05-09 22:09:18,643 - root - INFO - Epoch 77; loss: 3.2776455879211426; CER: 0.010876709595322609; WER: 0.05734739080071449; val_loss: 14.692158699035645; val_CER: 0.024516282603144646; val_WER: 0.09264443069696426
2024-05-09 22:30:40,753 - root - INFO - Epoch 78; loss: 3.2355968952178955; CER: 0.01082746870815754; WER: 0.05719103291630745; val_loss: 15.140218734741211; val_CER: 0.024777734652161598; val_WER: 0.09467072784900665
2024-05-09 23:46:04,815 - root - INFO - Epoch 79; loss: 3.2291994094848633; CER: 0.010601645335555077; WER: 0.05635875090956688; val_loss: 14.808215141296387; val_CER: 0.02464241348206997; val_WER: 0.0941372811794281
2024-05-10 00:33:44,968 - root - INFO - Epoch 80; loss: 2.912468194961548; CER: 0.00982796773314476; WER: 0.05266718566417694; val_loss: 14.773723602294922; val_CER: 0.02375262789428234; val_WER: 0.08973115682601929
2024-05-10 05:14:12,700 - root - INFO - Epoch 81; loss: 2.8251168727874756; CER: 0.009525406174361706; WER: 0.051560189574956894; val_loss: 14.78779411315918; val_CER: 0.023813756182789803; val_WER: 0.0898471400141716
2024-05-10 08:22:59,603 - root - INFO - Epoch 82; loss: 2.7246272563934326; CER: 0.009129802696406841; WER: 0.04940641298890114; val_loss: 14.432774543762207; val_CER: 0.023228047415614128; val_WER: 0.08803457766771317
2024-05-10 08:44:55,738 - root - INFO - Epoch 83; loss: 2.5664291381835938; CER: 0.00868349801748991; WER: 0.047224242240190506; val_loss: 15.296574592590332; val_CER: 0.0239329282194376; val_WER: 0.08934357762336731
2024-05-10 09:04:58,337 - root - INFO - Epoch 84; loss: 2.6699228286743164; CER: 0.008874892257153988; WER: 0.047450385987758636; val_loss: 15.105518341064453; val_CER: 0.02403828129172325; val_WER: 0.08992283791303635
2024-05-10 09:27:16,990 - root - INFO - Epoch 85; loss: 2.587895393371582; CER: 0.00863739289343357; WER: 0.04685879126191139; val_loss: 15.50838565826416; val_CER: 0.02341802418231964; val_WER: 0.08677071332931519
2024-05-10 09:49:37,143 - root - INFO - Epoch 86; loss: 2.44856858253479; CER: 0.00816734042018652; WER: 0.04472014680504799; val_loss: 15.522981643676758; val_CER: 0.023713186383247375; val_WER: 0.08962422609329224
2024-05-10 10:09:42,902 - root - INFO - Epoch 87; loss: 2.520434617996216; CER: 0.008369511924684048; WER: 0.045477066189050674; val_loss: 15.730212211608887; val_CER: 0.024150099605321884; val_WER: 0.08966182172298431
2024-05-10 10:29:48,923 - root - INFO - Epoch 88; loss: 2.2927942276000977; CER: 0.007644976489245892; WER: 0.041881490498781204; val_loss: 15.112406730651855; val_CER: 0.022770019248127937; val_WER: 0.08464185893535614
2024-05-10 10:49:53,842 - root - INFO - Epoch 89; loss: 2.1349246501922607; CER: 0.007188430987298489; WER: 0.03982656076550484; val_loss: 15.005709648132324; val_CER: 0.02256644144654274; val_WER: 0.08478888869285583
2024-05-10 11:10:01,570 - root - INFO - Epoch 90; loss: 2.131032943725586; CER: 0.007206783629953861; WER: 0.040044911205768585; val_loss: 14.879183769226074; val_CER: 0.0221578236669302; val_WER: 0.0836670771241188
2024-05-10 11:30:07,436 - root - INFO - Epoch 91; loss: 2.0675060749053955; CER: 0.0069896928034722805; WER: 0.03877948224544525; val_loss: 15.21560287475586; val_CER: 0.022121433168649673; val_WER: 0.08347010612487793
2024-05-10 11:50:14,397 - root - INFO - Epoch 92; loss: 2.081691026687622; CER: 0.00712325656786561; WER: 0.039885129779577255; val_loss: 15.275358200073242; val_CER: 0.022510839626193047; val_WER: 0.08494850993156433
2024-05-10 12:10:20,537 - root - INFO - Epoch 93; loss: 2.048203468322754; CER: 0.006967530585825443; WER: 0.03859449923038483; val_loss: 15.343035697937012; val_CER: 0.022740235552191734; val_WER: 0.08497335761785507
2024-05-10 12:30:28,024 - root - INFO - Epoch 94; loss: 2.0409178733825684; CER: 0.00700097531080246; WER: 0.03885117918252945; val_loss: 15.895198822021484; val_CER: 0.022931257262825966; val_WER: 0.08543051034212112
2024-05-10 12:50:37,890 - root - INFO - Epoch 95; loss: 2.0162758827209473; CER: 0.006791023537516594; WER: 0.03783949464559555; val_loss: 15.200504302978516; val_CER: 0.022073762491345406; val_WER: 0.08304417878389359
2024-05-10 13:10:45,829 - root - INFO - Epoch 96; loss: 1.9734433889389038; CER: 0.006628323346376419; WER: 0.03698582574725151; val_loss: 15.174040794372559; val_CER: 0.022068046033382416; val_WER: 0.08250637352466583
2024-05-10 13:30:46,864 - root - INFO - Epoch 97; loss: 1.9588673114776611; CER: 0.006692549213767052; WER: 0.03724241629242897; val_loss: 15.312272071838379; val_CER: 0.022610943764448166; val_WER: 0.08540549129247665
2024-05-10 13:50:47,347 - root - INFO - Epoch 98; loss: 1.881994605064392; CER: 0.006391297560185194; WER: 0.03564689680933952; val_loss: 15.474230766296387; val_CER: 0.022435646504163742; val_WER: 0.08464553207159042
2024-05-10 14:38:09,602 - root - INFO - Epoch 99; loss: 1.855617880821228; CER: 0.006297532934695482; WER: 0.035349100828170776; val_loss: 15.326147079467773; val_CER: 0.022643594071269035; val_WER: 0.08397037535905838
2024-05-10 14:38:15,288 - tf2onnx.tfonnx - INFO - Using tensorflow=2.10.1, onnx=1.12.0, tf2onnx=1.14.0/8f8d49
2024-05-10 14:38:15,289 - tf2onnx.tfonnx - INFO - Using opset <onnx, 15>
2024-05-10 14:38:15,491 - tf2onnx.tf_utils - INFO - Computed 0 values for constant folding
2024-05-10 14:38:15,495 - tf2onnx.tf_utils - INFO - Computed 0 values for constant folding
2024-05-10 14:38:15,498 - tf2onnx.tf_utils - INFO - Computed 0 values for constant folding
2024-05-10 14:38:15,499 - tf2onnx.tf_utils - INFO - Computed 0 values for constant folding
2024-05-10 14:38:15,501 - tf2onnx.tf_utils - INFO - Computed 0 values for constant folding
2024-05-10 14:38:15,504 - tf2onnx.tf_utils - INFO - Computed 0 values for constant folding
2024-05-10 14:38:15,507 - tf2onnx.tf_utils - INFO - Computed 0 values for constant folding
2024-05-10 14:38:15,511 - tf2onnx.tf_utils - INFO - Computed 0 values for constant folding
2024-05-10 14:38:15,512 - tf2onnx.tf_utils - INFO - Computed 0 values for constant folding
2024-05-10 14:38:15,513 - tf2onnx.tf_utils - INFO - Computed 0 values for constant folding
2024-05-10 14:38:15,514 - tf2onnx.tf_utils - INFO - Computed 0 values for constant folding
2024-05-10 14:38:15,517 - tf2onnx.tf_utils - INFO - Computed 0 values for constant folding
2024-05-10 14:38:15,519 - tf2onnx.tf_utils - INFO - Computed 0 values for constant folding
2024-05-10 14:38:15,522 - tf2onnx.tf_utils - INFO - Computed 0 values for constant folding
2024-05-10 14:38:15,523 - tf2onnx.tf_utils - INFO - Computed 0 values for constant folding
2024-05-10 14:38:15,526 - tf2onnx.tf_utils - INFO - Computed 0 values for constant folding
2024-05-10 14:38:15,528 - tf2onnx.tf_utils - INFO - Computed 0 values for constant folding
2024-05-10 14:38:15,531 - tf2onnx.tf_utils - INFO - Computed 0 values for constant folding
2024-05-10 14:38:15,535 - tf2onnx.tf_utils - INFO - Computed 0 values for constant folding
2024-05-10 14:38:15,538 - tf2onnx.tf_utils - INFO - Computed 0 values for constant folding
2024-05-10 14:38:15,576 - tf2onnx.tf_utils - INFO - Computed 0 values for constant folding
2024-05-10 14:38:16,031 - tf2onnx.optimizer - INFO - Optimizing ONNX model
2024-05-10 14:38:16,752 - tf2onnx.optimizer - INFO - After optimization: BatchNormalization -2 (2->0), Cast -22 (39->17), Concat -21 (40->19), Const -254 (293->39), Expand -15 (20->5), Gather +5 (4->9), Identity -2 (2->0), ReduceProd -2 (4->2), Shape -5 (13->8), Slice -5 (21->16), Squeeze -11 (21->10), Transpose -20 (23->3), Unsqueeze -60 (68->8)
